<?xml version="1.0" encoding="UTF-8"?>
<!-- Generated by org.testng.reporters.JUnitReportReporter -->
<testsuite skipped="0" hostname="BDC7-L-DSNCVP2" name="com.qa.tests.Demotest2" tests="1" failures="0" timestamp="30 Mar 2020 13:16:00 GMT" time="0.003" errors="0">
  <testcase name="sum" time="0.003" classname="com.qa.tests.Demotest2"/>
</testsuite> <!-- com.qa.tests.Demotest2 -->
