<?xml version="1.0" encoding="UTF-8"?>
<!-- Generated by org.testng.reporters.JUnitReportReporter -->
<testsuite skipped="0" hostname="BDC7-L-DSNCVP2" name="com.qa.tests.Demitest" tests="1" failures="0" timestamp="30 Mar 2020 12:23:02 GMT" time="0.019" errors="0">
  <testcase name="sum" time="0.019" classname="com.qa.tests.Demitest"/>
</testsuite> <!-- com.qa.tests.Demitest -->
